生成启动时间为 2015/8/9 星期日 下午 9:53:54。
     1>项目“E:\workspace\Microsoft Visual Studio\Projects\heapSort\heapSort\heapSort.vcxproj”在节点 2 上(Build 个目标)。
     1>ClCompile:
         D:\Program Files (x86)\Microsoft Visual Studio 11.0\VC\bin\CL.exe /c /ZI /nologo /W3 /WX- /sdl /Od /Oy- /D WIN32 /D _DEBUG /D _CONSOLE /D _UNICODE /D UNICODE /Gm /EHsc /RTC1 /MDd /GS /fp:precise /Zc:wchar_t /Zc:forScope /Yu"stdafx.h" /Fp"Debug\heapSort.pch" /Fo"Debug\\" /Fd"Debug\vc110.pdb" /Gd /TP /analyze- /errorReport:prompt heapSort.cpp
         heapSort.cpp
     1>e:\workspace\microsoft visual studio\projects\heapsort\heapsort\heapsort.cpp(83): warning C4018: “<”: 有符号/无符号不匹配
                 e:\workspace\microsoft visual studio\projects\heapsort\heapsort\heapsort.cpp(82): 编译类 模板 成员函数“void Heap<Type>::printArray(void)”时
                 with
                 [
                     Type=int
                 ]
                 e:\workspace\microsoft visual studio\projects\heapsort\heapsort\heapsort.cpp(110): 参见对正在编译的函数 模板 实例化“void Heap<Type>::printArray(void)”的引用
                 with
                 [
                     Type=int
                 ]
                 e:\workspace\microsoft visual studio\projects\heapsort\heapsort\heapsort.cpp(109): 参见对正在编译的类 模板 实例化“Heap<Type>”的引用
                 with
                 [
                     Type=int
                 ]
       Link:
         D:\Program Files (x86)\Microsoft Visual Studio 11.0\VC\bin\link.exe /ERRORREPORT:PROMPT /OUT:"E:\workspace\Microsoft Visual Studio\Projects\heapSort\Debug\heapSort.exe" /INCREMENTAL /NOLOGO kernel32.lib user32.lib gdi32.lib winspool.lib comdlg32.lib advapi32.lib shell32.lib ole32.lib oleaut32.lib uuid.lib odbc32.lib odbccp32.lib /MANIFEST /MANIFESTUAC:"level='asInvoker' uiAccess='false'" /manifest:embed /DEBUG /PDB:"E:\workspace\Microsoft Visual Studio\Projects\heapSort\Debug\heapSort.pdb" /SUBSYSTEM:CONSOLE /TLBID:1 /DYNAMICBASE /NXCOMPAT /IMPLIB:"E:\workspace\Microsoft Visual Studio\Projects\heapSort\Debug\heapSort.lib" /MACHINE:X86 Debug\heapSort.obj
         Debug\stdafx.obj
         heapSort.vcxproj -> E:\workspace\Microsoft Visual Studio\Projects\heapSort\Debug\heapSort.exe
     1>已完成生成项目“E:\workspace\Microsoft Visual Studio\Projects\heapSort\heapSort\heapSort.vcxproj”(Build 个目标)的操作。

生成成功。

已用时间 00:00:00.83
